D:\CODE\NET Core\hello\dist\out-tsc\src\app\services\app.service.js
D:\CODE\NET Core\hello\dist\out-tsc\src\app\services\app.service.js.map
D:\CODE\NET Core\hello\dist\out-tsc\src\app\app.component.js
D:\CODE\NET Core\hello\dist\out-tsc\src\app\app.component.js.map
D:\CODE\NET Core\hello\dist\out-tsc\src\app\app.module.js
D:\CODE\NET Core\hello\dist\out-tsc\src\app\app.module.js.map
D:\CODE\NET Core\hello\dist\out-tsc\src\environments\environment.js
D:\CODE\NET Core\hello\dist\out-tsc\src\environments\environment.js.map
D:\CODE\NET Core\hello\dist\out-tsc\src\main.js
D:\CODE\NET Core\hello\dist\out-tsc\src\main.js.map
D:\CODE\NET Core\hello\dist\out-tsc\src\polyfills.js
D:\CODE\NET Core\hello\dist\out-tsc\src\polyfills.js.map
D:\CODE\NET Core\hello\dist\out-tsc\src\test.js
D:\CODE\NET Core\hello\dist\out-tsc\src\test.js.map
D:\CODE\NET Core\hello\dist\out-tsc\src\environments\environment.prod.js
D:\CODE\NET Core\hello\dist\out-tsc\src\environments\environment.prod.js.map
D:\CODE\NET Core\hello\dist\out-tsc\src\app\app.component.spec.js
D:\CODE\NET Core\hello\dist\out-tsc\src\app\app.component.spec.js.map
D:\CODE\NET Core\hello\dist\out-tsc\e2e\app.po.js
D:\CODE\NET Core\hello\dist\out-tsc\e2e\app.po.js.map
D:\CODE\NET Core\hello\dist\out-tsc\e2e\app.e2e-spec.js
D:\CODE\NET Core\hello\dist\out-tsc\e2e\app.e2e-spec.js.map
D:\CODE\NET Core\hello\dist\out-tsc\src\app\services\app.service.js
D:\CODE\NET Core\hello\dist\out-tsc\src\app\services\app.service.js.map
D:\CODE\NET Core\hello\dist\out-tsc\src\app\app.component.js
D:\CODE\NET Core\hello\dist\out-tsc\src\app\app.component.js.map
D:\CODE\NET Core\hello\dist\out-tsc\src\app\app.module.js
D:\CODE\NET Core\hello\dist\out-tsc\src\app\app.module.js.map
D:\CODE\NET Core\hello\dist\out-tsc\src\environments\environment.js
D:\CODE\NET Core\hello\dist\out-tsc\src\environments\environment.js.map
D:\CODE\NET Core\hello\dist\out-tsc\src\main.js
D:\CODE\NET Core\hello\dist\out-tsc\src\main.js.map
D:\CODE\NET Core\hello\dist\out-tsc\src\polyfills.js
D:\CODE\NET Core\hello\dist\out-tsc\src\polyfills.js.map
D:\CODE\NET Core\hello\dist\out-tsc\src\test.js
D:\CODE\NET Core\hello\dist\out-tsc\src\test.js.map
D:\CODE\NET Core\hello\dist\out-tsc\src\environments\environment.prod.js
D:\CODE\NET Core\hello\dist\out-tsc\src\environments\environment.prod.js.map
D:\CODE\NET Core\hello\dist\out-tsc\src\app\app.component.spec.js
D:\CODE\NET Core\hello\dist\out-tsc\src\app\app.component.spec.js.map
D:\CODE\NET Core\hello\dist\out-tsc\e2e\app.po.js
D:\CODE\NET Core\hello\dist\out-tsc\e2e\app.po.js.map
D:\CODE\NET Core\hello\dist\out-tsc\e2e\app.e2e-spec.js
D:\CODE\NET Core\hello\dist\out-tsc\e2e\app.e2e-spec.js.map
D:\CODE\NET Core\hello\dist\out-tsc\src\app\services\app.service.js
D:\CODE\NET Core\hello\dist\out-tsc\src\app\services\app.service.js.map
D:\CODE\NET Core\hello\dist\out-tsc\src\app\app.component.js
D:\CODE\NET Core\hello\dist\out-tsc\src\app\app.component.js.map
D:\CODE\NET Core\hello\dist\out-tsc\src\app\app.module.js
D:\CODE\NET Core\hello\dist\out-tsc\src\app\app.module.js.map
D:\CODE\NET Core\hello\dist\out-tsc\src\environments\environment.js
D:\CODE\NET Core\hello\dist\out-tsc\src\environments\environment.js.map
D:\CODE\NET Core\hello\dist\out-tsc\src\main.js
D:\CODE\NET Core\hello\dist\out-tsc\src\main.js.map
D:\CODE\NET Core\hello\dist\out-tsc\src\polyfills.js
D:\CODE\NET Core\hello\dist\out-tsc\src\polyfills.js.map
D:\CODE\NET Core\hello\dist\out-tsc\src\test.js
D:\CODE\NET Core\hello\dist\out-tsc\src\test.js.map
D:\CODE\NET Core\hello\dist\out-tsc\src\environments\environment.prod.js
D:\CODE\NET Core\hello\dist\out-tsc\src\environments\environment.prod.js.map
D:\CODE\NET Core\hello\dist\out-tsc\src\app\app.component.spec.js
D:\CODE\NET Core\hello\dist\out-tsc\src\app\app.component.spec.js.map
D:\CODE\NET Core\hello\dist\out-tsc\e2e\app.po.js
D:\CODE\NET Core\hello\dist\out-tsc\e2e\app.po.js.map
D:\CODE\NET Core\hello\dist\out-tsc\e2e\app.e2e-spec.js
D:\CODE\NET Core\hello\dist\out-tsc\e2e\app.e2e-spec.js.map
D:\CODE\NET Core\hello\dist\out-tsc\src\app\services\app.service.js
D:\CODE\NET Core\hello\dist\out-tsc\src\app\services\app.service.js.map
D:\CODE\NET Core\hello\dist\out-tsc\src\app\app.component.js
D:\CODE\NET Core\hello\dist\out-tsc\src\app\app.component.js.map
D:\CODE\NET Core\hello\dist\out-tsc\src\app\app.module.js
D:\CODE\NET Core\hello\dist\out-tsc\src\app\app.module.js.map
D:\CODE\NET Core\hello\dist\out-tsc\src\environments\environment.js
D:\CODE\NET Core\hello\dist\out-tsc\src\environments\environment.js.map
D:\CODE\NET Core\hello\dist\out-tsc\src\main.js
D:\CODE\NET Core\hello\dist\out-tsc\src\main.js.map
D:\CODE\NET Core\hello\dist\out-tsc\src\polyfills.js
D:\CODE\NET Core\hello\dist\out-tsc\src\polyfills.js.map
D:\CODE\NET Core\hello\dist\out-tsc\src\test.js
D:\CODE\NET Core\hello\dist\out-tsc\src\test.js.map
D:\CODE\NET Core\hello\dist\out-tsc\src\environments\environment.prod.js
D:\CODE\NET Core\hello\dist\out-tsc\src\environments\environment.prod.js.map
D:\CODE\NET Core\hello\dist\out-tsc\src\app\app.component.spec.js
D:\CODE\NET Core\hello\dist\out-tsc\src\app\app.component.spec.js.map
D:\CODE\NET Core\hello\dist\out-tsc\e2e\app.po.js
D:\CODE\NET Core\hello\dist\out-tsc\e2e\app.po.js.map
D:\CODE\NET Core\hello\dist\out-tsc\e2e\app.e2e-spec.js
D:\CODE\NET Core\hello\dist\out-tsc\e2e\app.e2e-spec.js.map
D:\CODE\NET Core\hello\dist\out-tsc\src\app\services\app.service.js
D:\CODE\NET Core\hello\dist\out-tsc\src\app\services\app.service.js.map
D:\CODE\NET Core\hello\dist\out-tsc\src\app\app.component.js
D:\CODE\NET Core\hello\dist\out-tsc\src\app\app.component.js.map
D:\CODE\NET Core\hello\dist\out-tsc\src\app\app.module.js
D:\CODE\NET Core\hello\dist\out-tsc\src\app\app.module.js.map
D:\CODE\NET Core\hello\dist\out-tsc\src\environments\environment.js
D:\CODE\NET Core\hello\dist\out-tsc\src\environments\environment.js.map
D:\CODE\NET Core\hello\dist\out-tsc\src\main.js
D:\CODE\NET Core\hello\dist\out-tsc\src\main.js.map
D:\CODE\NET Core\hello\dist\out-tsc\src\polyfills.js
D:\CODE\NET Core\hello\dist\out-tsc\src\polyfills.js.map
D:\CODE\NET Core\hello\dist\out-tsc\src\test.js
D:\CODE\NET Core\hello\dist\out-tsc\src\test.js.map
D:\CODE\NET Core\hello\dist\out-tsc\src\environments\environment.prod.js
D:\CODE\NET Core\hello\dist\out-tsc\src\environments\environment.prod.js.map
D:\CODE\NET Core\hello\dist\out-tsc\src\app\app.component.spec.js
D:\CODE\NET Core\hello\dist\out-tsc\src\app\app.component.spec.js.map
D:\CODE\NET Core\hello\dist\out-tsc\e2e\app.po.js
D:\CODE\NET Core\hello\dist\out-tsc\e2e\app.po.js.map
D:\CODE\NET Core\hello\dist\out-tsc\e2e\app.e2e-spec.js
D:\CODE\NET Core\hello\dist\out-tsc\e2e\app.e2e-spec.js.map
D:\CODE\NET Core\hello\dist\out-tsc\src\app\services\app.service.js
D:\CODE\NET Core\hello\dist\out-tsc\src\app\services\app.service.js.map
D:\CODE\NET Core\hello\dist\out-tsc\src\app\app.component.js
D:\CODE\NET Core\hello\dist\out-tsc\src\app\app.component.js.map
D:\CODE\NET Core\hello\dist\out-tsc\src\app\app.module.js
D:\CODE\NET Core\hello\dist\out-tsc\src\app\app.module.js.map
D:\CODE\NET Core\hello\dist\out-tsc\src\environments\environment.js
D:\CODE\NET Core\hello\dist\out-tsc\src\environments\environment.js.map
D:\CODE\NET Core\hello\dist\out-tsc\src\main.js
D:\CODE\NET Core\hello\dist\out-tsc\src\main.js.map
D:\CODE\NET Core\hello\dist\out-tsc\src\polyfills.js
D:\CODE\NET Core\hello\dist\out-tsc\src\polyfills.js.map
D:\CODE\NET Core\hello\dist\out-tsc\src\test.js
D:\CODE\NET Core\hello\dist\out-tsc\src\test.js.map
D:\CODE\NET Core\hello\dist\out-tsc\src\environments\environment.prod.js
D:\CODE\NET Core\hello\dist\out-tsc\src\environments\environment.prod.js.map
D:\CODE\NET Core\hello\dist\out-tsc\src\app\app.component.spec.js
D:\CODE\NET Core\hello\dist\out-tsc\src\app\app.component.spec.js.map
D:\CODE\NET Core\hello\dist\out-tsc\e2e\app.po.js
D:\CODE\NET Core\hello\dist\out-tsc\e2e\app.po.js.map
D:\CODE\NET Core\hello\dist\out-tsc\e2e\app.e2e-spec.js
D:\CODE\NET Core\hello\dist\out-tsc\e2e\app.e2e-spec.js.map
D:\CODE\NET Core\hello\dist\out-tsc\src\app\services\app.service.js
D:\CODE\NET Core\hello\dist\out-tsc\src\app\services\app.service.js.map
D:\CODE\NET Core\hello\dist\out-tsc\src\app\app.component.js
D:\CODE\NET Core\hello\dist\out-tsc\src\app\app.component.js.map
D:\CODE\NET Core\hello\dist\out-tsc\src\app\app.module.js
D:\CODE\NET Core\hello\dist\out-tsc\src\app\app.module.js.map
D:\CODE\NET Core\hello\dist\out-tsc\src\environments\environment.js
D:\CODE\NET Core\hello\dist\out-tsc\src\environments\environment.js.map
D:\CODE\NET Core\hello\dist\out-tsc\src\main.js
D:\CODE\NET Core\hello\dist\out-tsc\src\main.js.map
D:\CODE\NET Core\hello\dist\out-tsc\src\polyfills.js
D:\CODE\NET Core\hello\dist\out-tsc\src\polyfills.js.map
D:\CODE\NET Core\hello\dist\out-tsc\src\test.js
D:\CODE\NET Core\hello\dist\out-tsc\src\test.js.map
D:\CODE\NET Core\hello\dist\out-tsc\src\environments\environment.prod.js
D:\CODE\NET Core\hello\dist\out-tsc\src\environments\environment.prod.js.map
D:\CODE\NET Core\hello\dist\out-tsc\src\app\app.component.spec.js
D:\CODE\NET Core\hello\dist\out-tsc\src\app\app.component.spec.js.map
D:\CODE\NET Core\hello\dist\out-tsc\e2e\app.po.js
D:\CODE\NET Core\hello\dist\out-tsc\e2e\app.po.js.map
D:\CODE\NET Core\hello\dist\out-tsc\e2e\app.e2e-spec.js
D:\CODE\NET Core\hello\dist\out-tsc\e2e\app.e2e-spec.js.map
